# JRE version: OpenJDK Runtime Environment (16.0.1+9) (build 16.0.1+9-24)
# Java VM: OpenJDK 64-Bit Server VM (16.0.1+9-24, mixed mode, tiered, compressed oops, compressed class ptrs, g1 gc, windows-amd64)
GC Precious Log:
 CPUs: 8 total, 8 available
 Memory: 16314M
 Large Page Support: Disabled
 NUMA Support: Disabled
 Compressed Oops: Enabled (Zero based)
 Heap Region Size: 2M
 Heap Min Capacity: 8M
 Heap Initial Capacity: 256M
 Heap Max Capacity: 4080M
 Pre-touch: Disabled
 Parallel Workers: 8
 Concurrent Workers: 2
 Concurrent Refinement Workers: 8
 Periodic GC: Disabled
Heap:
 garbage-first heap   total 141312K, used 72465K [0x0000000701000000, 0x0000000800000000)
  region size 2048K, 16 young (32768K), 3 survivors (6144K)
 Metaspace       used 81549K, committed 83072K, reserved 1122304K
  class space    used 10628K, committed 11328K, reserved 1048576K
GC Heap History (20 events):
Event: 1645.947 GC heap before
{Heap before GC invocations=110 (full 23):
 garbage-first heap   total 141312K, used 107014K [0x0000000701000000, 0x0000000800000000)
  region size 2048K, 33 young (67584K), 2 survivors (4096K)
 Metaspace       used 79216K, committed 80640K, reserved 1122304K
  class space    used 10388K, committed 11072K, reserved 1048576K
}
Event: 1645.985 GC heap after
{Heap after GC invocations=111 (full 24):
 garbage-first heap   total 141312K, used 42935K [0x0000000701000000, 0x0000000800000000)
  region size 2048K, 0 young (0K), 0 survivors (0K)
 Metaspace       used 79214K, committed 80640K, reserved 1122304K
  class space    used 10388K, committed 11072K, reserved 1048576K
}
Event: 1646.152 GC heap before
{Heap before GC invocations=111 (full 24):
 garbage-first heap   total 141312K, used 108471K [0x0000000701000000, 0x0000000800000000)
  region size 2048K, 33 young (67584K), 0 survivors (0K)
 Metaspace       used 79258K, committed 80640K, reserved 1122304K
  class space    used 10393K, committed 11072K, reserved 1048576K
}
Event: 1646.154 GC heap after
{Heap after GC invocations=112 (full 24):
 garbage-first heap   total 141312K, used 45525K [0x0000000701000000, 0x0000000800000000)
  region size 2048K, 2 young (4096K), 2 survivors (4096K)
 Metaspace       used 79258K, committed 80640K, reserved 1122304K
  class space    used 10393K, committed 11072K, reserved 1048576K
}
Event: 1655.707 GC heap before
{Heap before GC invocations=112 (full 24):
 garbage-first heap   total 141312K, used 109013K [0x0000000701000000, 0x0000000800000000)
  region size 2048K, 34 young (69632K), 2 survivors (4096K)
 Metaspace       used 81045K, committed 82496K, reserved 1122304K
  class space    used 10584K, committed 11264K, reserved 1048576K
}
Event: 1655.709 GC heap after
{Heap after GC invocations=113 (full 24):
 garbage-first heap   total 141312K, used 47939K [0x0000000701000000, 0x0000000800000000)
  region size 2048K, 3 young (6144K), 3 survivors (6144K)
 Metaspace       used 81045K, committed 82496K, reserved 1122304K
  class space    used 10584K, committed 11264K, reserved 1048576K
}
Event: 1757.145 GC heap before
{Heap before GC invocations=113 (full 24):
 garbage-first heap   total 141312K, used 62275K [0x0000000701000000, 0x0000000800000000)
  region size 2048K, 11 young (22528K), 3 survivors (6144K)
 Metaspace       used 81049K, committed 82496K, reserved 1122304K
  class space    used 10585K, committed 11264K, reserved 1048576K
}
Event: 1757.193 GC heap after
{Heap after GC invocations=114 (full 25):
 garbage-first heap   total 141312K, used 43726K [0x0000000701000000, 0x0000000800000000)
  region size 2048K, 0 young (0K), 0 survivors (0K)
 Metaspace       used 81046K, committed 82496K, reserved 1122304K
  class space    used 10584K, committed 11264K, reserved 1048576K
}
Event: 1757.386 GC heap before
{Heap before GC invocations=114 (full 25):
 garbage-first heap   total 141312K, used 111310K [0x0000000701000000, 0x0000000800000000)
  region size 2048K, 34 young (69632K), 0 survivors (0K)
 Metaspace       used 81091K, committed 82560K, reserved 1122304K
  class space    used 10590K, committed 11264K, reserved 1048576K
}
Event: 1757.388 GC heap after
{Heap after GC invocations=115 (full 25):
 garbage-first heap   total 141312K, used 46578K [0x0000000701000000, 0x0000000800000000)
  region size 2048K, 2 young (4096K), 2 survivors (4096K)
 Metaspace       used 81091K, committed 82560K, reserved 1122304K
  class space    used 10590K, committed 11264K, reserved 1048576K
}
Event: 1823.416 GC heap before
{Heap before GC invocations=115 (full 25):
 garbage-first heap   total 141312K, used 112114K [0x0000000701000000, 0x0000000800000000)
  region size 2048K, 35 young (71680K), 2 survivors (4096K)
 Metaspace       used 81265K, committed 82752K, reserved 1122304K
  class space    used 10601K, committed 11328K, reserved 1048576K
}
Event: 1823.419 GC heap after
{Heap after GC invocations=116 (full 25):
 garbage-first heap   total 141312K, used 48262K [0x0000000701000000, 0x0000000800000000)
  region size 2048K, 3 young (6144K), 3 survivors (6144K)
 Metaspace       used 81265K, committed 82752K, reserved 1122304K
  class space    used 10601K, committed 11328K, reserved 1048576K
}
Event: 1823.422 GC heap before
{Heap before GC invocations=116 (full 25):
 garbage-first heap   total 141312K, used 48262K [0x0000000701000000, 0x0000000800000000)
  region size 2048K, 4 young (8192K), 3 survivors (6144K)
 Metaspace       used 81265K, committed 82752K, reserved 1122304K
  class space    used 10601K, committed 11328K, reserved 1048576K
}
Event: 1823.464 GC heap after
{Heap after GC invocations=117 (full 26):
 garbage-first heap   total 141312K, used 43965K [0x0000000701000000, 0x0000000800000000)
  region size 2048K, 0 young (0K), 0 survivors (0K)
 Metaspace       used 81263K, committed 82752K, reserved 1122304K
  class space    used 10601K, committed 11328K, reserved 1048576K
}
Event: 1823.648 GC heap before
{Heap before GC invocations=117 (full 26):
 garbage-first heap   total 141312K, used 111549K [0x0000000701000000, 0x0000000800000000)
  region size 2048K, 34 young (69632K), 0 survivors (0K)
 Metaspace       used 81308K, committed 82816K, reserved 1122304K
  class space    used 10606K, committed 11328K, reserved 1048576K
}
Event: 1823.649 GC heap after
{Heap after GC invocations=118 (full 26):
 garbage-first heap   total 141312K, used 46669K [0x0000000701000000, 0x0000000800000000)
  region size 2048K, 2 young (4096K), 2 survivors (4096K)
 Metaspace       used 81308K, committed 82816K, reserved 1122304K
  class space    used 10606K, committed 11328K, reserved 1048576K
}
Event: 1826.350 GC heap before
{Heap before GC invocations=118 (full 26):
 garbage-first heap   total 141312K, used 112205K [0x0000000701000000, 0x0000000800000000)
  region size 2048K, 35 young (71680K), 2 survivors (4096K)
 Metaspace       used 81358K, committed 82880K, reserved 1122304K
  class space    used 10612K, committed 11328K, reserved 1048576K
}
Event: 1826.353 GC heap after
{Heap after GC invocations=119 (full 26):
 garbage-first heap   total 141312K, used 48602K [0x0000000701000000, 0x0000000800000000)
  region size 2048K, 3 young (6144K), 3 survivors (6144K)
 Metaspace       used 81358K, committed 82880K, reserved 1122304K
  class space    used 10612K, committed 11328K, reserved 1048576K
}
Event: 1826.571 GC heap before
{Heap before GC invocations=119 (full 26):
 garbage-first heap   total 141312K, used 112090K [0x0000000701000000, 0x0000000800000000)
  region size 2048K, 35 young (71680K), 3 survivors (6144K)
 Metaspace       used 81513K, committed 83008K, reserved 1122304K
  class space    used 10621K, committed 11328K, reserved 1048576K
}
Event: 1826.574 GC heap after
{Heap after GC invocations=120 (full 26):
 garbage-first heap   total 141312K, used 49937K [0x0000000701000000, 0x0000000800000000)
  region size 2048K, 3 young (6144K), 3 survivors (6144K)
 Metaspace       used 81513K, committed 83008K, reserved 1122304K
  class space    used 10621K, committed 11328K, reserved 1048576K
}

