# JRE version: OpenJDK Runtime Environment (16.0.1+9) (build 16.0.1+9-24)
# Java VM: OpenJDK 64-Bit Server VM (16.0.1+9-24, mixed mode, tiered, compressed oops, compressed class ptrs, g1 gc, windows-amd64)
GC Precious Log:
 CPUs: 8 total, 8 available
 Memory: 16314M
 Large Page Support: Disabled
 NUMA Support: Disabled
 Compressed Oops: Enabled (Zero based)
 Heap Region Size: 2M
 Heap Min Capacity: 8M
 Heap Initial Capacity: 256M
 Heap Max Capacity: 4080M
 Pre-touch: Disabled
 Parallel Workers: 8
 Concurrent Workers: 2
 Concurrent Refinement Workers: 8
 Periodic GC: Disabled
Heap:
 garbage-first heap   total 102400K, used 82005K [0x0000000701000000, 0x0000000800000000)
  region size 2048K, 24 young (49152K), 2 survivors (4096K)
 Metaspace       used 81968K, committed 83392K, reserved 1122304K
  class space    used 10753K, committed 11456K, reserved 1048576K
GC Heap History (20 events):
Event: 918.612 GC heap before
{Heap before GC invocations=85 (full 20):
 garbage-first heap   total 102400K, used 75074K [0x0000000701000000, 0x0000000800000000)
  region size 2048K, 21 young (43008K), 2 survivors (4096K)
 Metaspace       used 81113K, committed 82496K, reserved 1122304K
  class space    used 10673K, committed 11392K, reserved 1048576K
}
Event: 918.650 GC heap after
{Heap after GC invocations=86 (full 21):
 garbage-first heap   total 102400K, used 35221K [0x0000000701000000, 0x0000000800000000)
  region size 2048K, 0 young (0K), 0 survivors (0K)
 Metaspace       used 81111K, committed 82496K, reserved 1122304K
  class space    used 10673K, committed 11392K, reserved 1048576K
}
Event: 918.829 GC heap before
{Heap before GC invocations=86 (full 21):
 garbage-first heap   total 102400K, used 80277K [0x0000000701000000, 0x0000000800000000)
  region size 2048K, 23 young (47104K), 0 survivors (0K)
 Metaspace       used 81167K, committed 82560K, reserved 1122304K
  class space    used 10681K, committed 11392K, reserved 1048576K
}
Event: 918.830 GC heap after
{Heap after GC invocations=87 (full 21):
 garbage-first heap   total 102400K, used 37902K [0x0000000701000000, 0x0000000800000000)
  region size 2048K, 2 young (4096K), 2 survivors (4096K)
 Metaspace       used 81167K, committed 82560K, reserved 1122304K
  class space    used 10681K, committed 11392K, reserved 1048576K
}
Event: 918.925 GC heap before
{Heap before GC invocations=87 (full 21):
 garbage-first heap   total 102400K, used 78862K [0x0000000701000000, 0x0000000800000000)
  region size 2048K, 23 young (47104K), 2 survivors (4096K)
 Metaspace       used 81177K, committed 82560K, reserved 1122304K
  class space    used 10681K, committed 11392K, reserved 1048576K
}
Event: 918.927 GC heap after
{Heap after GC invocations=88 (full 21):
 garbage-first heap   total 102400K, used 38481K [0x0000000701000000, 0x0000000800000000)
  region size 2048K, 2 young (4096K), 2 survivors (4096K)
 Metaspace       used 81177K, committed 82560K, reserved 1122304K
  class space    used 10681K, committed 11392K, reserved 1048576K
}
Event: 950.131 GC heap before
{Heap before GC invocations=88 (full 21):
 garbage-first heap   total 102400K, used 77393K [0x0000000701000000, 0x0000000800000000)
  region size 2048K, 22 young (45056K), 2 survivors (4096K)
 Metaspace       used 81330K, committed 82752K, reserved 1122304K
  class space    used 10690K, committed 11392K, reserved 1048576K
}
Event: 950.174 GC heap after
{Heap after GC invocations=89 (full 22):
 garbage-first heap   total 102400K, used 35409K [0x0000000701000000, 0x0000000800000000)
  region size 2048K, 0 young (0K), 0 survivors (0K)
 Metaspace       used 81328K, committed 82752K, reserved 1122304K
  class space    used 10689K, committed 11392K, reserved 1048576K
}
Event: 950.383 GC heap before
{Heap before GC invocations=89 (full 22):
 garbage-first heap   total 102400K, used 80465K [0x0000000701000000, 0x0000000800000000)
  region size 2048K, 23 young (47104K), 0 survivors (0K)
 Metaspace       used 81383K, committed 82752K, reserved 1122304K
  class space    used 10697K, committed 11392K, reserved 1048576K
}
Event: 950.384 GC heap after
{Heap after GC invocations=90 (full 22):
 garbage-first heap   total 102400K, used 37843K [0x0000000701000000, 0x0000000800000000)
  region size 2048K, 2 young (4096K), 2 survivors (4096K)
 Metaspace       used 81383K, committed 82752K, reserved 1122304K
  class space    used 10697K, committed 11392K, reserved 1048576K
}
Event: 950.484 GC heap before
{Heap before GC invocations=90 (full 22):
 garbage-first heap   total 102400K, used 78803K [0x0000000701000000, 0x0000000800000000)
  region size 2048K, 23 young (47104K), 2 survivors (4096K)
 Metaspace       used 81392K, committed 82752K, reserved 1122304K
  class space    used 10699K, committed 11392K, reserved 1048576K
}
Event: 950.485 GC heap after
{Heap after GC invocations=91 (full 22):
 garbage-first heap   total 102400K, used 38699K [0x0000000701000000, 0x0000000800000000)
  region size 2048K, 2 young (4096K), 2 survivors (4096K)
 Metaspace       used 81392K, committed 82752K, reserved 1122304K
  class space    used 10699K, committed 11392K, reserved 1048576K
}
Event: 1012.229 GC heap before
{Heap before GC invocations=91 (full 22):
 garbage-first heap   total 102400K, used 81707K [0x0000000701000000, 0x0000000800000000)
  region size 2048K, 23 young (47104K), 2 survivors (4096K)
 Metaspace       used 81649K, committed 83072K, reserved 1122304K
  class space    used 10724K, committed 11456K, reserved 1048576K
}
Event: 1012.231 GC heap after
{Heap after GC invocations=92 (full 22):
 garbage-first heap   total 102400K, used 40379K [0x0000000701000000, 0x0000000800000000)
  region size 2048K, 3 young (6144K), 3 survivors (6144K)
 Metaspace       used 81649K, committed 83072K, reserved 1122304K
  class space    used 10724K, committed 11456K, reserved 1048576K
}
Event: 1037.893 GC heap before
{Heap before GC invocations=92 (full 22):
 garbage-first heap   total 102400K, used 42427K [0x0000000701000000, 0x0000000800000000)
  region size 2048K, 5 young (10240K), 3 survivors (6144K)
 Metaspace       used 81652K, committed 83072K, reserved 1122304K
  class space    used 10724K, committed 11456K, reserved 1048576K
}
Event: 1037.928 GC heap after
{Heap after GC invocations=93 (full 23):
 garbage-first heap   total 102400K, used 35683K [0x0000000701000000, 0x0000000800000000)
  region size 2048K, 0 young (0K), 0 survivors (0K)
 Metaspace       used 81649K, committed 83072K, reserved 1122304K
  class space    used 10724K, committed 11456K, reserved 1048576K
}
Event: 1038.107 GC heap before
{Heap before GC invocations=93 (full 23):
 garbage-first heap   total 102400K, used 80739K [0x0000000701000000, 0x0000000800000000)
  region size 2048K, 23 young (47104K), 0 survivors (0K)
 Metaspace       used 81704K, committed 83136K, reserved 1122304K
  class space    used 10731K, committed 11456K, reserved 1048576K
}
Event: 1038.109 GC heap after
{Heap after GC invocations=94 (full 23):
 garbage-first heap   total 102400K, used 38422K [0x0000000701000000, 0x0000000800000000)
  region size 2048K, 2 young (4096K), 2 survivors (4096K)
 Metaspace       used 81704K, committed 83136K, reserved 1122304K
  class space    used 10731K, committed 11456K, reserved 1048576K
}
Event: 1038.216 GC heap before
{Heap before GC invocations=94 (full 23):
 garbage-first heap   total 102400K, used 79382K [0x0000000701000000, 0x0000000800000000)
  region size 2048K, 23 young (47104K), 2 survivors (4096K)
 Metaspace       used 81713K, committed 83136K, reserved 1122304K
  class space    used 10732K, committed 11456K, reserved 1048576K
}
Event: 1038.218 GC heap after
{Heap after GC invocations=95 (full 23):
 garbage-first heap   total 102400K, used 38997K [0x0000000701000000, 0x0000000800000000)
  region size 2048K, 2 young (4096K), 2 survivors (4096K)
 Metaspace       used 81713K, committed 83136K, reserved 1122304K
  class space    used 10732K, committed 11456K, reserved 1048576K
}

